make --dry-run --keep-going --print-directory
make: Entering directory '/home/julius/Repos/42/42-fdf'
mkdir -p ./obj/
make -C ./libft/
gcc -Wall -Wextra -Werror -I /usr/X11/include -g -I ./libft -I ./inc/ -o obj/main.o -c src/main.c
gcc -Wall -Wextra -Werror -I /usr/X11/include -g -I ./libft -I ./inc/ -o obj/compose_model.o -c src/compose_model.c
gcc -Wall -Wextra -Werror -I /usr/X11/include -g -I ./libft -I ./inc/ -o obj/compose_view.o -c src/compose_view.c
gcc -Wall -Wextra -Werror -I /usr/X11/include -g -I ./libft -I ./inc/ -o obj/shape_cube.o -c src/shape_cube.c
gcc -Wall -Wextra -Werror -I /usr/X11/include -g -I ./libft -I ./inc/ -o obj/shape_tetra.o -c src/shape_tetra.c
gcc -Wall -Wextra -Werror -I /usr/X11/include -g -I ./libft -I ./inc/ -o obj/shape_file.o -c src/shape_file.c
gcc -Wall -Wextra -Werror -I /usr/X11/include -g -I ./libft -I ./inc/ -o obj/render.o -c src/render.c
gcc -Wall -Wextra -Werror -I /usr/X11/include -g -I ./libft -I ./inc/ -o obj/look_at.o -c src/look_at.c
gcc -Wall -Wextra -Werror -I /usr/X11/include -g -I ./libft -I ./inc/ -o obj/print_tri_arr.o -c src/print_tri_arr.c
gcc -Wall -Wextra -Werror -I /usr/X11/include -g -I ./libft -I ./inc/ -o obj/allocate_buffer.o -c src/allocate_buffer.c
gcc -Wall -Wextra -Werror -I /usr/X11/include -g -I ./libft -I ./inc/ -o obj/print_vct_arr.o -c src/print_vct_arr.c
gcc -Wall -Wextra -Werror -I /usr/X11/include -g -I ./libft -I ./inc/ -o obj/grid_triangulation.o -c src/grid_triangulation.c
gcc -Wall -Wextra -Werror -I /usr/X11/include -g -I ./libft -I ./inc/ -o obj/process_buffer.o -c src/process_buffer.c
gcc -Wall -Wextra -Werror -I /usr/X11/include -g -I ./libft -I ./inc/ -o obj/get_mesh_dimensions.o -c src/get_mesh_dimensions.c
gcc -Wall -Wextra -Werror -I /usr/X11/include -g -I ./libft -I ./inc/ -o obj/key_callback.o -c src/key_callback.c
gcc -Wall -Wextra -Werror -I /usr/X11/include -g -I ./libft -I ./inc/ -o obj/create_mesh.o -c src/create_mesh.c
gcc -Wall -Wextra -Werror -I /usr/X11/include -g -I ./libft -I ./inc/ -o obj/create_camera.o -c src/create_camera.c
gcc -Wall -Wextra -Werror -I /usr/X11/include -g -I ./libft -I ./inc/ -o obj/create_world.o -c src/create_world.c
gcc -Wall -Wextra -Werror -I /usr/X11/include -g -I ./libft -I ./inc/ -o obj/activate_camera.o -c src/activate_camera.c
gcc -Wall -Wextra -Werror -I /usr/X11/include -g -I ./libft -I ./inc/ -o obj/add_camera.o -c src/add_camera.c
gcc -Wall -Wextra -Werror -I /usr/X11/include -g -I ./libft -I ./inc/ -o obj/add_object.o -c src/add_object.c
gcc -Wall -Wextra -Werror -I /usr/X11/include -g -I ./libft -I ./inc/ -o obj/process_world.o -c src/process_world.c
gcc -Wall -Wextra -Werror -I /usr/X11/include -g -I ./libft -I ./inc/ -o obj/draw_line.o -c src/draw_line.c
gcc -Wall -Wextra -Werror -I /usr/X11/include -g -I ./libft -I ./inc/ -o obj/draw_circle.o -c src/draw_circle.c
gcc -Wall -Wextra -Werror -I /usr/X11/include -g -I ./libft -I ./inc/ -o obj/draw_triangle.o -c src/draw_triangle.c
gcc ./obj/main.o ./obj/compose_model.o ./obj/compose_view.o ./obj/shape_cube.o ./obj/shape_tetra.o ./obj/shape_file.o ./obj/render.o ./obj/look_at.o ./obj/print_tri_arr.o ./obj/allocate_buffer.o ./obj/print_vct_arr.o ./obj/grid_triangulation.o ./obj/process_buffer.o ./obj/get_mesh_dimensions.o ./obj/key_callback.o ./obj/create_mesh.o ./obj/create_camera.o ./obj/create_world.o ./obj/activate_camera.o ./obj/add_camera.o ./obj/add_object.o ./obj/process_world.o ./obj/draw_line.o ./obj/draw_circle.o ./obj/draw_triangle.o -L /usr/X11/lib -l mlx -framework OpenGL -framework AppKit -L ./libft -l ft -lm -o fdf
make: Leaving directory '/home/julius/Repos/42/42-fdf'
 
