make all --print-data-base --no-builtin-variables --no-builtin-rules --question
# GNU Make 4.2.1
# Built for x86_64-pc-linux-gnu
# Copyright (C) 1988-2016 Free Software Foundation, Inc.
# License GPLv3+: GNU GPL version 3 or later <http://gnu.org/licenses/gpl.html>
# This is free software: you are free to change and redistribute it.
# There is NO WARRANTY, to the extent permitted by law.

# Make data base, printed on Thu Aug  4 03:23:12 2022

# Variables

# 'override' directive
GNUMAKEFLAGS := 
# automatic
<D = $(patsubst %/,%,$(dir $<))
# automatic
?F = $(notdir $?)
# environment
PAPERSIZE = a4
# environment
DESKTOP_SESSION = i3
# default
.SHELLFLAGS := -c
# makefile (from 'Makefile', line 42)
OBJ = $(addprefix $(OBJDIR),$(SRC:.c=.o))
# makefile (from 'Makefile', line 62)
INCDIR = ./inc/
# environment
XDG_SESSION_CLASS = user
# makefile (from 'Makefile', line 16)
SRC = main.c compose_model.c compose_view.c shape_cube.c shape_tetra.c shape_file.c render.c look_at.c print_tri_arr.c allocate_buffer.c print_vct_arr.c grid_triangulation.c process_buffer.c get_mesh_dimensions.c key_callback.c create_mesh.c create_camera.c create_world.c activate_camera.c add_camera.c add_object.c process_world.c draw_line.c draw_circle.c draw_triangle.c 
# environment
XDG_SESSION_TYPE = x11
# automatic
?D = $(patsubst %/,%,$(dir $?))
# automatic
@D = $(patsubst %/,%,$(dir $@))
# environment
XAUTHORITY = /run/user/1000/gdm/Xauthority
# environment
GDMSESSION = i3
# default
MAKE_VERSION := 4.2.1
# makefile
CURDIR := /home/julius/Repos/42/42-fdf
# makefile (from 'Makefile', line 52)
MLX_LNK = -L /usr/X11/lib -l mlx -framework OpenGL -framework AppKit
# makefile
SHELL = /bin/sh
# environment
PROMPT_EOL_MARK = 
# environment
VSCODE_NLS_CONFIG = {"locale":"en-us","availableLanguages":{},"_languagePackSupport":true}
# makefile (from 'Makefile', line 49)
MLX = ./minilibx/
# environment
_ = /usr/bin/code
# makefile (from 'Makefile', line 46)
CFLAGS = -Wall -Wextra -Werror
# environment
XDG_CONFIG_DIRS = /etc/xdg/xdg-i3:/etc/xdg
# makefile (from 'Makefile', line 1)
MAKEFILE_LIST :=  Makefile
# automatic
@F = $(notdir $@)
# environment
USERNAME = julius
# environment
MAKELEVEL := 0
# environment
MANDATORY_PATH = /usr/share/gconf/i3.mandatory.path
# environment
XDG_DATA_DIRS = /usr/share/i3:/usr/local/share/:/usr/share/:/var/lib/snapd/desktop
# makefile (from 'Makefile', line 58)
FT_LNK = -L ./libft -l ft
# environment
DBUS_SESSION_BUS_ADDRESS = unix:path=/run/user/1000/bus
# makefile (from 'Makefile', line 51)
MLX_INC = -I /usr/X11/include -g
# makefile (from 'Makefile', line 55)
FT = ./libft/
# environment
LC_NAME = fi_FI.UTF-8
# environment
VSCODE_CWD = /home/julius/Repos/42/42-fdf
# default
MAKE_HOST := x86_64-pc-linux-gnu
# environment
PATH = /home/julius/bin:/home/julius/.cargo/bin:/home/julius/.local/bin:/home/julius/bin:/usr/local/sbin:/usr/local/bin:/usr/sbin:/usr/bin:/sbin:/bin:/usr/games:/usr/local/games:/snap/bin:/home/julius/.fzf/bin
# makefile (from 'Makefile', line 57)
FT_INC = -I ./libft
# environment
GPG_AGENT_INFO = /run/user/1000/gnupg/S.gpg-agent:0:1
# environment
LSCOLORS = Gxfxcxdxbxegedabagacad
# environment
XDG_RUNTIME_DIR = /run/user/1000
# environment
WINDOWID = 23068674
# environment
ALACRITTY_LOG = /tmp/Alacritty-3631095.log
# environment
ELECTRON_RUN_AS_NODE = 1
# makefile (from 'Makefile', line 50)
MLX_LIB = $(addprefix $(MLX),mlx.a)
# default
.FEATURES := target-specific order-only second-expansion else-if shortest-stem undefine oneshell archives jobserver output-sync check-symlink load
# environment
ELECTRON_NO_ATTACH_CONSOLE = 1
# environment
LS_COLORS = 
# environment
XDG_SESSION_DESKTOP = i3
# environment
SSH_AUTH_SOCK = /tmp/ssh-iqtbP8W5Ekmv/agent.2135077
# makefile (from 'Makefile', line 61)
SRCDIR = ./src/
# automatic
%F = $(notdir $%)
# environment
DISPLAY = :0
# environment
VISUAL = /usr/bin/nvim
# environment
PWD = /home/julius/Repos/42/42-fdf
# default
.LOADED := 
# environment
XDG_SEAT = seat0
# environment
SSH_AGENT_PID = 2135173
# environment
ORIGINAL_XDG_CURRENT_DESKTOP = i3
# environment
GTK_MODULES = gail:atk-bridge
# environment
VSCODE_AMD_ENTRYPOINT = vs/workbench/api/node/extensionHostProcess
# environment
HOME = /home/julius
# environment
VSCODE_CLI = 1
# environment
VSCODE_CODE_CACHE_PATH = /home/julius/.config/Code/CachedData/3b889b090b5ad5793f524b5d1d39fda662b96a2a
# environment
LOGNAME = julius
# environment
APPLICATION_INSIGHTS_NO_DIAGNOSTIC_CHANNEL = 1
# environment
NVM_CD_FLAGS = -q
# automatic
+F = $(notdir $+)
# environment
ZSH = /home/julius/.oh-my-zsh
# environment
VSCODE_HANDLES_UNCAUGHT_ERRORS = true
# automatic
^D = $(patsubst %/,%,$(dir $^))
# environment
XDG_VTNR = 2
# environment
LC_TIME = fi_FI.UTF-8
# environment
COLORTERM = truecolor
# default
MAKE = $(MAKE_COMMAND)
# default
MAKECMDGOALS := all
# environment
SHLVL = 2
# makefile (from 'Makefile', line 45)
CC = gcc
# makefile (from 'Makefile', line 56)
FT_LIB = $(addprefix $(FT),libft.a)
# environment
XDG_SESSION_ID = 716
# environment
USER = julius
# environment
LC_MONETARY = fi_FI.UTF-8
# makefile
.DEFAULT_GOAL := all
# environment
XDG_CURRENT_DESKTOP = i3
# makefile (from 'Makefile', line 13)
NAME = fdf
# environment
LESS = -R
# automatic
%D = $(patsubst %/,%,$(dir $%))
# environment
LC_TELEPHONE = fi_FI.UTF-8
# environment
I3SOCK = /run/user/1000/i3/ipc-socket.2135077
# default
MAKE_COMMAND := make
# environment
SCRIPT_BIN = /home/julius/Scripts
# environment
OLDPWD = /home/julius/Repos/42
# default
.VARIABLES := 
# automatic
*F = $(notdir $*)
# environment
LANGUAGE = en_US:en
# environment
VSCODE_IPC_HOOK = /run/user/1000/vscode-687ea641-1.69.2-main.sock
# makefile
MAKEFLAGS = pqrR
# environment
MFLAGS = -pqrR
# automatic
*D = $(patsubst %/,%,$(dir $*))
# environment
NVM_DIR = /home/julius/.nvm
# automatic
+D = $(patsubst %/,%,$(dir $+))
# environment
GDK_BACKEND = x11
# environment
LC_PAPER = fi_FI.UTF-8
# environment
NO_AT_BRIDGE = 1
# environment
QT_ACCESSIBILITY = 1
# environment
DEFAULTS_PATH = /usr/share/gconf/i3.default.path
# default
MAKEFILES := 
# environment
LC_NUMERIC = fi_FI.UTF-8
# automatic
<F = $(notdir $<)
# makefile (from 'Makefile', line 63)
OBJDIR = ./obj/
# environment
LC_MEASUREMENT = fi_FI.UTF-8
# environment
EDITOR = /usr/bin/nvim
# environment
PAGER = less
# environment
 
LC_ALL = C
# environment
CONDA_CHANGEPS1 = no
# environment
VIRTUAL_ENV_DISABLE_PROMPT = 12
# automatic
^F = $(notdir $^)
# default
SUFFIXES := 
# environment
CHROME_DESKTOP = code-url-handler.desktop
# environment
WINDOWPATH = 2
# default
.INCLUDE_DIRS = /usr/include /usr/local/include /usr/include
# environment
LC_IDENTIFICATION = fi_FI.UTF-8
# default
.RECIPEPREFIX := 
# environment
LC_ADDRESS = fi_FI.UTF-8
# environment
LANG = C
# environment
TERM = alacritty
# environment
VSCODE_PID = 2365002
# environment
NVM_RC_VERSION = 
# variable set hash-table stats:
# Load=130/1024=13%, Rehash=0, Collisions=27/170=16%

# Pattern-specific Variable Values

# No pattern-specific variable values.

# Directories

# . (device 2050, inode 8787242): 13 files, no impossibilities.
# src (device 2050, inode 9967302): No files, no impossibilities so far.

# 13 files, no impossibilities in 2 directories.

# Implicit Rules

obj/%.o: src/%.c
#  recipe to execute (from 'Makefile', line 71):
	$(CC) $(CFLAGS) $(MLX_INC) $(FT_INC) -I $(INCDIR) -o $@ -c $<

# 1 implicit rules, 0 (0.0%) terminal.

# Files

all: obj libft/libft.a fdf
#  Command line target.
#  Implicit rule search has been done.
#  File does not exist.
#  File has been updated.
#  Needs to be updated (-q is set).
# variable set hash-table stats:
# Load=0/32=0%, Rehash=0, Collisions=0/4=0%

# Not a target:
obj/create_mesh.o:
#  Implicit rule search has not been done.
#  Modification time never checked.
#  File has not been updated.

# Not a target:
obj/create_camera.o:
#  Implicit rule search has not been done.
#  Modification time never checked.
#  File has not been updated.

# Not a target:
obj/print_vct_arr.o:
#  Implicit rule search has not been done.
#  Modification time never checked.
#  File has not been updated.

# Not a target:
obj/create_world.o:
#  Implicit rule search has not been done.
#  Modification time never checked.
#  File has not been updated.

# Not a target:
obj/look_at.o:
#  Implicit rule search has not been done.
#  Modification time never checked.
#  File has not been updated.

# Not a target:
obj/main.o:
#  Implicit rule search has not been done.
#  Modification time never checked.
#  File has not been updated.

# Not a target:
.SUFFIXES:
#  Implicit rule search has not been done.
#  Modification time never checked.
#  File has not been updated.

# Not a target:
obj/get_mesh_dimensions.o:
#  Implicit rule search has not been done.
#  Modification time never checked.
#  File has not been updated.

# Not a target:
Makefile:
#  Implicit rule search has been done.
#  Last modified 2022-08-04 03:22:56.733778424
#  File has been updated.
#  Successfully updated.

# Not a target:
obj/draw_triangle.o:
#  Implicit rule search has not been done.
#  Modification time never checked.
#  File has not been updated.

# Not a target:
obj/grid_triangulation.o:
#  Implicit rule search has not been done.
#  Modification time never checked.
#  File has not been updated.

# Not a target:
obj/compose_view.o:
#  Implicit rule search has not been done.
#  Modification time never checked.
#  File has not been updated.

# Not a target:
obj/compose_model.o:
#  Implicit rule search has not been done.
#  Modification time never checked.
#  File has not been updated.

# Not a target:
obj/process_buffer.o:
#  Implicit rule search has not been done.
#  Modification time never checked.
#  File has not been updated.

libft/libft.a:
#  Implicit rule search has not been done.
#  Modification time never checked.
#  File has not been updated.
#  recipe to execute (from 'Makefile', line 74):
	make -C $(FT)

# Not a target:
obj/draw_line.o:
#  Implicit rule search has not been done.
#  Modification time never checked.
#  File has not been updated.

fclean: clean
#  Implicit rule search has not been done.
#  Modification time never checked.
#  File has not been updated.
#  recipe to execute (from 'Makefile', line 85):
	rm -rf $(NAME)
	rm -rf a.out.dSYM
	make -C $(FT) fclean

# Not a target:
obj/render.o:
#  Implicit rule search has not been done.
#  Modification time never checked.
#  File has not been updated.

obj:
#  Implicit rule search has not been done.
#  Implicit/static pattern stem: ''
#  File does not exist.
#  File has been updated.
#  Needs to be updated (-q is set).
# automatic
# @ := obj
# automatic
# % := 
# automatic
# * := 
# automatic
# + := 
# automatic
# | := 
# automatic
# < := 
# automatic
# ^ := 
# automatic
# ? := 
# variable set hash-table stats:
# Load=8/32=25%, Rehash=0, Collisions=1/12=8%
#  recipe to execute (from 'Makefile', line 68):
	mkdir -p $(OBJDIR)

# Not a target:
obj/allocate_buffer.o:
#  Implicit rule search has not been done.
#  Modification time never checked.
#  File has not been updated.

# Not a target:
.DEFAULT:
#  Implicit rule search has not been done.
#  Modification time never checked.
#  File has not been updated.

re: fclean all
#  Implicit rule search has not been done.
#  Modification time never checked.
#  File has not been updated.

# Not a target:
obj/process_world.o:
#  Implicit rule search has not been done.
#  Modification time never checked.
#  File has not been updated.

# Not a target:
obj/add_camera.o:
#  Implicit rule search has not been done.
#  Modification time never checked.
#  File has not been updated.

clean:
#  Implicit rule search has not been done.
#  Modification time never checked.
#  File has not been updated.
#  recipe to execute (from 'Makefile', line 80):
	rm -rf $(OBJDIR)
	make -C $(FT) clean
	make -C $(MLX) clean

# Not a target:
obj/print_tri_arr.o:
#  Implicit rule search has not been done.
#  Modification time never checked.
#  File has not been updated.

# Not a target:
obj/key_callback.o:
#  Implicit rule search has not been done.
#  Modification time never checked.
#  File has not been updated.

# Not a target:
obj/shape_file.o:
#  Implicit rule search has not been done.
#  Modification time never checked.
#  File has not been updated.

# Not a target:
obj/add_object.o:
#  Implicit rule search has not been done.
#  Modification time never checked.
#  File has not been updated.

# Not a target:
obj/shape_cube.o:
#  Implicit rule search has not been done.
#  Modification time never checked.
#  File has not been updated.

# Not a target:
obj/shape_tetra.o:
#  Implicit rule search has not been done.
#  Modification time never checked.
#  File has not been updated.

# Not a target:
obj/activate_camera.o:
#  Implicit rule search has not been done.
#  Modification time never checked.
#  File has not been updated.

# Not a target:
obj/draw_circle.o:
#  Implicit rule search has not been done.
#  Modification time never checked.
#  File has not been updated.

fdf: obj/main.o obj/compose_model.o obj/compose_view.o obj/shape_cube.o obj/shape_tetra.o obj/shape_file.o obj/render.o obj/look_at.o obj/print_tri_arr.o obj/allocate_buffer.o obj/print_vct_arr.o obj/grid_triangulation.o obj/process_buffer.o obj/get_mesh_dimensions.o obj/key_callback.o obj/create_mesh.o obj/create_camera.o obj/create_world.o obj/activate_camera.o obj/add_camera.o obj/add_object.o obj/process_world.o obj/draw_line.o obj/draw_circle.o obj/draw_triangle.o
#  Implicit rule search has not been done.
#  Modification time never checked.
#  File has not been updated.
#  recipe to execute (from 'Makefile', line 77):
	$(CC) $(OBJ) $(MLX_LNK) $(FT_LNK) -lm -o $(NAME)

# files hash-table stats:
# Load=35/1024=3%, Rehash=0, Collisions=1/81=1%
# VPATH Search Paths

# No 'vpath' search paths.

# No general ('VPATH' variable) search path.

# strcache buffers: 1 (0) / strings = 51 / storage = 667 B / avg = 13 B
# current buf: size = 8162 B / used = 667 B / count = 51 / avg = 13 B

# strcache performance: lookups = 71 / hit rate = 28%
# hash-table stats:
 
# Load=51/8192=1%, Rehash=0, Collisions=1/71=1%
# Finished Make data base on Thu Aug  4 03:23:12 2022

 
